<?xml version="1.0" encoding="UTF-8"?>
<!-- Generated by org.testng.reporters.JUnitReportReporter -->
<testsuite skipped="0" hostname="Ajay3147361" name="com.testcases.LoginPage" tests="1" failures="0" timestamp="21 Apr 2020 18:56:33 GMT" time="19.901" errors="0">
  <testcase name="verifyLoginPage" time="19.901" classname="com.testcases.LoginPage"/>
</testsuite> <!-- com.testcases.LoginPage -->
