<?xml version="1.0" encoding="UTF-8"?>
<!-- Generated by org.testng.reporters.JUnitReportReporter -->
<testsuite skipped="0" hostname="Ajay3147361" name="com.testcases.TestNgDemo" tests="1" failures="0" timestamp="21 Apr 2020 10:04:07 GMT" time="14.560" errors="0">
  <testcase name="openGoogle" time="14.560" classname="com.testcases.TestNgDemo"/>
</testsuite> <!-- com.testcases.TestNgDemo -->
